[ 2022-03-23T00:00:57+08:00 ] ::1 /treehole/index.php/Home/Message/do_like
INFO: [ app_init ] --START--
INFO: Run Behavior\BuildLiteBehavior [ RunTime:0.000017s ]
INFO: [ app_init ] --END-- [ RunTime:0.000137s ]
INFO: [ app_begin ] --START--
INFO: Run Behavior\ReadHtmlCacheBehavior [ RunTime:0.000065s ]
INFO: [ app_begin ] --END-- [ RunTime:0.000102s ]
SQL: SHOW COLUMNS FROM `message` [ RunTime:0.0014s ]
SQL: SELECT * FROM `message` WHERE `id` = 1 LIMIT 1   [ RunTime:0.0004s ]
SQL: UPDATE `message` SET `total_likes`='4' WHERE `id` = 1 [ RunTime:0.0054s ]

[ 2022-03-23T00:01:07+08:00 ] ::1 /treehole/index.php/Home/Message/do_like
INFO: [ app_init ] --START--
INFO: Run Behavior\BuildLiteBehavior [ RunTime:0.000018s ]
INFO: [ app_init ] --END-- [ RunTime:0.000116s ]
INFO: [ app_begin ] --START--
INFO: Run Behavior\ReadHtmlCacheBehavior [ RunTime:0.000042s ]
INFO: [ app_begin ] --END-- [ RunTime:0.000080s ]
SQL: SHOW COLUMNS FROM `message` [ RunTime:0.0013s ]
SQL: SELECT * FROM `message` WHERE `id` = 1123 LIMIT 1   [ RunTime:0.0004s ]

[ 2022-03-23T00:02:04+08:00 ] ::1 /treehole/index.php/Home/Message/delete
INFO: [ app_init ] --START--
INFO: Run Behavior\BuildLiteBehavior [ RunTime:0.000017s ]
INFO: [ app_init ] --END-- [ RunTime:0.000139s ]
INFO: [ app_begin ] --START--
INFO: Run Behavior\ReadHtmlCacheBehavior [ RunTime:0.000061s ]
INFO: [ app_begin ] --END-- [ RunTime:0.000100s ]
INFO: [ app_end ] --START--
INFO: Run Behavior\ShowPageTraceBehavior [ RunTime:0.000106s ]
INFO: [ app_end ] --END-- [ RunTime:0.000188s ]

[ 2022-03-23T00:02:40+08:00 ] ::1 /treehole/index.php/Home/Message/delete
INFO: [ app_init ] --START--
INFO: Run Behavior\BuildLiteBehavior [ RunTime:0.000019s ]
INFO: [ app_init ] --END-- [ RunTime:0.000132s ]
INFO: [ app_begin ] --START--
INFO: Run Behavior\ReadHtmlCacheBehavior [ RunTime:0.000081s ]
INFO: [ app_begin ] --END-- [ RunTime:0.000359s ]
NOTIC: [8] Undefined index: user_id /Users/wutianfu/Sites/localhost/treehole/Application/Home/Controller/MessageController.class.php 第 224 行.

[ 2022-03-23T00:02:54+08:00 ] ::1 /treehole/index.php/Home/Message/delete
INFO: [ app_init ] --START--
INFO: Run Behavior\BuildLiteBehavior [ RunTime:0.000018s ]
INFO: [ app_init ] --END-- [ RunTime:0.000161s ]
INFO: [ app_begin ] --START--
INFO: Run Behavior\ReadHtmlCacheBehavior [ RunTime:0.000042s ]
INFO: [ app_begin ] --END-- [ RunTime:0.000080s ]
INFO: [ app_end ] --START--
INFO: Run Behavior\ShowPageTraceBehavior [ RunTime:0.000051s ]
INFO: [ app_end ] --END-- [ RunTime:0.000087s ]

[ 2022-03-23T00:04:26+08:00 ] ::1 /treehole/index.php/Home/Message/delete
INFO: [ app_init ] --START--
INFO: Run Behavior\BuildLiteBehavior [ RunTime:0.000024s ]
INFO: [ app_init ] --END-- [ RunTime:0.000214s ]
INFO: [ app_begin ] --START--
INFO: Run Behavior\ReadHtmlCacheBehavior [ RunTime:0.000332s ]
INFO: [ app_begin ] --END-- [ RunTime:0.000452s ]
ERR: syntax error, unexpected '}', expecting end of file

[ 2022-03-23T00:05:00+08:00 ] ::1 /treehole/index.php/Home/Message/delete
INFO: [ app_init ] --START--
INFO: Run Behavior\BuildLiteBehavior [ RunTime:0.000031s ]
INFO: [ app_init ] --END-- [ RunTime:0.000255s ]
INFO: [ app_begin ] --START--
INFO: Run Behavior\ReadHtmlCacheBehavior [ RunTime:0.000066s ]
INFO: [ app_begin ] --END-- [ RunTime:0.000125s ]
SQL: SHOW COLUMNS FROM `message` [ RunTime:0.0011s ]
SQL: SELECT * FROM `message` WHERE `id` = 112388 LIMIT 1   [ RunTime:0.0005s ]
NOTIC: [2] Cannot modify header information - headers already sent by (output started at /Users/wutianfu/Sites/localhost/treehole/ThinkPHP/Common/functions.php:850) /Users/wutianfu/Sites/localhost/treehole/ThinkPHP/Library/Think/Controller.class.php 第 215 行.

[ 2022-03-23T00:05:52+08:00 ] ::1 /treehole/index.php/Home/Message/delete
INFO: [ app_init ] --START--
INFO: Run Behavior\BuildLiteBehavior [ RunTime:0.000022s ]
INFO: [ app_init ] --END-- [ RunTime:0.000174s ]
INFO: [ app_begin ] --START--
INFO: Run Behavior\ReadHtmlCacheBehavior [ RunTime:0.000084s ]
INFO: [ app_begin ] --END-- [ RunTime:0.000134s ]
SQL: SHOW COLUMNS FROM `message` [ RunTime:0.0017s ]
SQL: SELECT * FROM `message` WHERE `id` = 112388 LIMIT 1   [ RunTime:0.0006s ]
NOTIC: [2] Cannot modify header information - headers already sent by (output started at /Users/wutianfu/Sites/localhost/treehole/ThinkPHP/Common/functions.php:850) /Users/wutianfu/Sites/localhost/treehole/ThinkPHP/Library/Think/Controller.class.php 第 215 行.

[ 2022-03-23T00:06:09+08:00 ] ::1 /treehole/index.php/Home/Message/delete
INFO: [ app_init ] --START--
INFO: Run Behavior\BuildLiteBehavior [ RunTime:0.000018s ]
INFO: [ app_init ] --END-- [ RunTime:0.000145s ]
INFO: [ app_begin ] --START--
INFO: Run Behavior\ReadHtmlCacheBehavior [ RunTime:0.000051s ]
INFO: [ app_begin ] --END-- [ RunTime:0.000092s ]
SQL: SHOW COLUMNS FROM `message` [ RunTime:0.0006s ]
SQL: SELECT * FROM `message` WHERE `id` = 112388 LIMIT 1   [ RunTime:0.0002s ]

[ 2022-03-23T00:06:21+08:00 ] ::1 /treehole/index.php/Home/Message/delete
INFO: [ app_init ] --START--
INFO: Run Behavior\BuildLiteBehavior [ RunTime:0.000023s ]
INFO: [ app_init ] --END-- [ RunTime:0.000181s ]
INFO: [ app_begin ] --START--
INFO: Run Behavior\ReadHtmlCacheBehavior [ RunTime:0.000079s ]
INFO: [ app_begin ] --END-- [ RunTime:0.000151s ]
SQL: SHOW COLUMNS FROM `message` [ RunTime:0.0008s ]
SQL: SELECT * FROM `message` WHERE `id` = 3 LIMIT 1   [ RunTime:0.0004s ]
NOTIC: [8] Undefined variable: data /Users/wutianfu/Sites/localhost/treehole/Application/Home/Controller/MessageController.class.php 第 276 行.

[ 2022-03-23T00:07:09+08:00 ] ::1 /treehole/index.php/Home/Message/delete
INFO: [ app_init ] --START--
INFO: Run Behavior\BuildLiteBehavior [ RunTime:0.000018s ]
INFO: [ app_init ] --END-- [ RunTime:0.000185s ]
INFO: [ app_begin ] --START--
INFO: Run Behavior\ReadHtmlCacheBehavior [ RunTime:0.000072s ]
INFO: [ app_begin ] --END-- [ RunTime:0.000116s ]
SQL: SHOW COLUMNS FROM `message` [ RunTime:0.0018s ]
SQL: SELECT * FROM `message` WHERE `id` = 3 LIMIT 1   [ RunTime:0.0008s ]
NOTIC: [8] Undefined variable: data /Users/wutianfu/Sites/localhost/treehole/Application/Home/Controller/MessageController.class.php 第 276 行.

[ 2022-03-23T00:07:12+08:00 ] ::1 /treehole/index.php/Home/Message/delete
INFO: [ app_init ] --START--
INFO: Run Behavior\BuildLiteBehavior [ RunTime:0.000015s ]
INFO: [ app_init ] --END-- [ RunTime:0.000097s ]
INFO: [ app_begin ] --START--
INFO: Run Behavior\ReadHtmlCacheBehavior [ RunTime:0.000048s ]
INFO: [ app_begin ] --END-- [ RunTime:0.000093s ]
SQL: SHOW COLUMNS FROM `message` [ RunTime:0.0009s ]
SQL: SELECT * FROM `message` WHERE `id` = 3 LIMIT 1   [ RunTime:0.0006s ]
NOTIC: [8] Undefined variable: data /Users/wutianfu/Sites/localhost/treehole/Application/Home/Controller/MessageController.class.php 第 277 行.

[ 2022-03-23T00:08:11+08:00 ] ::1 /treehole/index.php/Home/Message/delete
INFO: [ app_init ] --START--
INFO: Run Behavior\BuildLiteBehavior [ RunTime:0.000125s ]
INFO: [ app_init ] --END-- [ RunTime:0.000553s ]
INFO: [ app_begin ] --START--
INFO: Run Behavior\ReadHtmlCacheBehavior [ RunTime:0.000081s ]
INFO: [ app_begin ] --END-- [ RunTime:0.000136s ]
SQL: SHOW COLUMNS FROM `message` [ RunTime:0.0011s ]
SQL: SELECT * FROM `message` WHERE `id` = 3 LIMIT 1   [ RunTime:0.0006s ]
NOTIC: [8] Undefined variable: data /Users/wutianfu/Sites/localhost/treehole/Application/Home/Controller/MessageController.class.php 第 277 行.

[ 2022-03-23T00:08:32+08:00 ] ::1 /treehole/index.php/Home/Message/delete
INFO: [ app_init ] --START--
INFO: Run Behavior\BuildLiteBehavior [ RunTime:0.000017s ]
INFO: [ app_init ] --END-- [ RunTime:0.000117s ]
INFO: [ app_begin ] --START--
INFO: Run Behavior\ReadHtmlCacheBehavior [ RunTime:0.000042s ]
INFO: [ app_begin ] --END-- [ RunTime:0.000080s ]
SQL: SHOW COLUMNS FROM `message` [ RunTime:0.0007s ]
SQL: SELECT * FROM `message` WHERE `id` = 4 AND `user_id` = 123456 LIMIT 1   [ RunTime:0.0002s ]

[ 2022-03-23T00:08:39+08:00 ] ::1 /treehole/index.php/Home/Message/delete
INFO: [ app_init ] --START--
INFO: Run Behavior\BuildLiteBehavior [ RunTime:0.000019s ]
INFO: [ app_init ] --END-- [ RunTime:0.000280s ]
INFO: [ app_begin ] --START--
INFO: Run Behavior\ReadHtmlCacheBehavior [ RunTime:0.000061s ]
INFO: [ app_begin ] --END-- [ RunTime:0.000109s ]
SQL: SHOW COLUMNS FROM `message` [ RunTime:0.0013s ]
SQL: SELECT * FROM `message` WHERE `id` = 3 AND `user_id` = 123456 LIMIT 1   [ RunTime:0.0020s ]

[ 2022-03-23T00:08:41+08:00 ] ::1 /treehole/index.php/Home/Message/delete
INFO: [ app_init ] --START--
INFO: Run Behavior\BuildLiteBehavior [ RunTime:0.000016s ]
INFO: [ app_init ] --END-- [ RunTime:0.000100s ]
INFO: [ app_begin ] --START--
INFO: Run Behavior\ReadHtmlCacheBehavior [ RunTime:0.000039s ]
INFO: [ app_begin ] --END-- [ RunTime:0.000076s ]
SQL: SHOW COLUMNS FROM `message` [ RunTime:0.0006s ]
SQL: SELECT * FROM `message` WHERE `id` = 3 AND `user_id` = 123456 LIMIT 1   [ RunTime:0.0002s ]

[ 2022-03-23T00:08:41+08:00 ] ::1 /treehole/index.php/Home/Message/delete
INFO: [ app_init ] --START--
INFO: Run Behavior\BuildLiteBehavior [ RunTime:0.000016s ]
INFO: [ app_init ] --END-- [ RunTime:0.000093s ]
INFO: [ app_begin ] --START--
INFO: Run Behavior\ReadHtmlCacheBehavior [ RunTime:0.000038s ]
INFO: [ app_begin ] --END-- [ RunTime:0.000075s ]
SQL: SHOW COLUMNS FROM `message` [ RunTime:0.0006s ]
SQL: SELECT * FROM `message` WHERE `id` = 3 AND `user_id` = 123456 LIMIT 1   [ RunTime:0.0003s ]

[ 2022-03-23T00:08:45+08:00 ] ::1 /treehole/index.php/Home/Message/delete
INFO: [ app_init ] --START--
INFO: Run Behavior\BuildLiteBehavior [ RunTime:0.000015s ]
INFO: [ app_init ] --END-- [ RunTime:0.000098s ]
INFO: [ app_begin ] --START--
INFO: Run Behavior\ReadHtmlCacheBehavior [ RunTime:0.000043s ]
INFO: [ app_begin ] --END-- [ RunTime:0.000082s ]
SQL: SHOW COLUMNS FROM `message` [ RunTime:0.0008s ]
SQL: SELECT * FROM `message` WHERE `id` = 2 AND `user_id` = 123456 LIMIT 1   [ RunTime:0.0003s ]
NOTIC: [8] Undefined variable: data /Users/wutianfu/Sites/localhost/treehole/Application/Home/Controller/MessageController.class.php 第 277 行.

[ 2022-03-23T00:10:46+08:00 ] ::1 /treehole/index.php/Home/Message/delete
INFO: [ app_init ] --START--
INFO: Run Behavior\BuildLiteBehavior [ RunTime:0.000019s ]
INFO: [ app_init ] --END-- [ RunTime:0.000203s ]
INFO: [ app_begin ] --START--
INFO: Run Behavior\ReadHtmlCacheBehavior [ RunTime:0.000082s ]
INFO: [ app_begin ] --END-- [ RunTime:0.000121s ]
SQL: SHOW COLUMNS FROM `message` [ RunTime:0.0010s ]
SQL: SELECT * FROM `message` WHERE `id` = 2 AND `user_id` = 123456 LIMIT 1   [ RunTime:0.0004s ]
NOTIC: [8] Undefined variable: data /Users/wutianfu/Sites/localhost/treehole/Application/Home/Controller/MessageController.class.php 第 277 行.

[ 2022-03-23T00:12:10+08:00 ] ::1 /treehole/index.php/Home/Message/delete
INFO: [ app_init ] --START--
INFO: Run Behavior\BuildLiteBehavior [ RunTime:0.000021s ]
INFO: [ app_init ] --END-- [ RunTime:0.000150s ]
INFO: [ app_begin ] --START--
INFO: Run Behavior\ReadHtmlCacheBehavior [ RunTime:0.000072s ]
INFO: [ app_begin ] --END-- [ RunTime:0.000113s ]
SQL: SHOW COLUMNS FROM `message` [ RunTime:0.0009s ]
SQL: SELECT * FROM `message` WHERE `id` = 2 AND `user_id` = 123456 LIMIT 1   [ RunTime:0.0003s ]
NOTIC: [8] Undefined variable: data /Users/wutianfu/Sites/localhost/treehole/Application/Home/Controller/MessageController.class.php 第 278 行.

[ 2022-03-23T00:12:14+08:00 ] ::1 /treehole/index.php/Home/Message/delete
INFO: [ app_init ] --START--
INFO: Run Behavior\BuildLiteBehavior [ RunTime:0.000015s ]
INFO: [ app_init ] --END-- [ RunTime:0.000096s ]
INFO: [ app_begin ] --START--
INFO: Run Behavior\ReadHtmlCacheBehavior [ RunTime:0.000060s ]
INFO: [ app_begin ] --END-- [ RunTime:0.000108s ]
SQL: SHOW COLUMNS FROM `message` [ RunTime:0.0006s ]
SQL: SELECT * FROM `message` WHERE `id` = 2 AND `user_id` = 123456 LIMIT 1   [ RunTime:0.0002s ]
NOTIC: [8] Undefined variable: data /Users/wutianfu/Sites/localhost/treehole/Application/Home/Controller/MessageController.class.php 第 278 行.

[ 2022-03-23T00:12:15+08:00 ] ::1 /treehole/index.php/Home/Message/delete
INFO: [ app_init ] --START--
INFO: Run Behavior\BuildLiteBehavior [ RunTime:0.000015s ]
INFO: [ app_init ] --END-- [ RunTime:0.000108s ]
INFO: [ app_begin ] --START--
INFO: Run Behavior\ReadHtmlCacheBehavior [ RunTime:0.000047s ]
INFO: [ app_begin ] --END-- [ RunTime:0.000093s ]
SQL: SHOW COLUMNS FROM `message` [ RunTime:0.0008s ]
SQL: SELECT * FROM `message` WHERE `id` = 2 AND `user_id` = 123456 LIMIT 1   [ RunTime:0.0003s ]
NOTIC: [8] Undefined variable: data /Users/wutianfu/Sites/localhost/treehole/Application/Home/Controller/MessageController.class.php 第 278 行.

[ 2022-03-23T00:12:15+08:00 ] ::1 /treehole/index.php/Home/Message/delete
INFO: [ app_init ] --START--
INFO: Run Behavior\BuildLiteBehavior [ RunTime:0.000016s ]
INFO: [ app_init ] --END-- [ RunTime:0.000095s ]
INFO: [ app_begin ] --START--
INFO: Run Behavior\ReadHtmlCacheBehavior [ RunTime:0.000066s ]
INFO: [ app_begin ] --END-- [ RunTime:0.000119s ]
SQL: SHOW COLUMNS FROM `message` [ RunTime:0.0007s ]
SQL: SELECT * FROM `message` WHERE `id` = 2 AND `user_id` = 123456 LIMIT 1   [ RunTime:0.0003s ]
NOTIC: [8] Undefined variable: data /Users/wutianfu/Sites/localhost/treehole/Application/Home/Controller/MessageController.class.php 第 278 行.

[ 2022-03-23T00:12:16+08:00 ] ::1 /treehole/index.php/Home/Message/delete
INFO: [ app_init ] --START--
INFO: Run Behavior\BuildLiteBehavior [ RunTime:0.000021s ]
INFO: [ app_init ] --END-- [ RunTime:0.000131s ]
INFO: [ app_begin ] --START--
INFO: Run Behavior\ReadHtmlCacheBehavior [ RunTime:0.000055s ]
INFO: [ app_begin ] --END-- [ RunTime:0.000113s ]
SQL: SHOW COLUMNS FROM `message` [ RunTime:0.0008s ]
SQL: SELECT * FROM `message` WHERE `id` = 2 AND `user_id` = 123456 LIMIT 1   [ RunTime:0.0002s ]
NOTIC: [8] Undefined variable: data /Users/wutianfu/Sites/localhost/treehole/Application/Home/Controller/MessageController.class.php 第 278 行.

[ 2022-03-23T00:12:17+08:00 ] ::1 /treehole/index.php/Home/Message/delete
INFO: [ app_init ] --START--
INFO: Run Behavior\BuildLiteBehavior [ RunTime:0.000017s ]
INFO: [ app_init ] --END-- [ RunTime:0.000109s ]
INFO: [ app_begin ] --START--
INFO: Run Behavior\ReadHtmlCacheBehavior [ RunTime:0.000049s ]
INFO: [ app_begin ] --END-- [ RunTime:0.000089s ]
SQL: SHOW COLUMNS FROM `message` [ RunTime:0.0008s ]
SQL: SELECT * FROM `message` WHERE `id` = 2 AND `user_id` = 123456 LIMIT 1   [ RunTime:0.0003s ]
NOTIC: [8] Undefined variable: data /Users/wutianfu/Sites/localhost/treehole/Application/Home/Controller/MessageController.class.php 第 278 行.

[ 2022-03-23T00:12:17+08:00 ] ::1 /treehole/index.php/Home/Message/delete
INFO: [ app_init ] --START--
INFO: Run Behavior\BuildLiteBehavior [ RunTime:0.000015s ]
INFO: [ app_init ] --END-- [ RunTime:0.000093s ]
INFO: [ app_begin ] --START--
INFO: Run Behavior\ReadHtmlCacheBehavior [ RunTime:0.000041s ]
INFO: [ app_begin ] --END-- [ RunTime:0.000078s ]
SQL: SHOW COLUMNS FROM `message` [ RunTime:0.0006s ]
SQL: SELECT * FROM `message` WHERE `id` = 2 AND `user_id` = 123456 LIMIT 1   [ RunTime:0.0003s ]
NOTIC: [8] Undefined variable: data /Users/wutianfu/Sites/localhost/treehole/Application/Home/Controller/MessageController.class.php 第 278 行.

[ 2022-03-23T00:12:18+08:00 ] ::1 /treehole/index.php/Home/Message/delete
INFO: [ app_init ] --START--
INFO: Run Behavior\BuildLiteBehavior [ RunTime:0.000027s ]
INFO: [ app_init ] --END-- [ RunTime:0.000171s ]
INFO: [ app_begin ] --START--
INFO: Run Behavior\ReadHtmlCacheBehavior [ RunTime:0.000076s ]
INFO: [ app_begin ] --END-- [ RunTime:0.000155s ]
SQL: SHOW COLUMNS FROM `message` [ RunTime:0.0011s ]
SQL: SELECT * FROM `message` WHERE `id` = 2 AND `user_id` = 123456 LIMIT 1   [ RunTime:0.0004s ]
NOTIC: [8] Undefined variable: data /Users/wutianfu/Sites/localhost/treehole/Application/Home/Controller/MessageController.class.php 第 278 行.

[ 2022-03-23T00:15:18+08:00 ] ::1 /treehole/index.php/Home/Message/delete
INFO: [ app_init ] --START--
INFO: Run Behavior\BuildLiteBehavior [ RunTime:0.000017s ]
INFO: [ app_init ] --END-- [ RunTime:0.000150s ]
INFO: [ app_begin ] --START--
INFO: Run Behavior\ReadHtmlCacheBehavior [ RunTime:0.000064s ]
INFO: [ app_begin ] --END-- [ RunTime:0.000106s ]
SQL: SHOW COLUMNS FROM `message` [ RunTime:0.0022s ]
SQL: SELECT * FROM `message` WHERE `id` = 2 AND `user_id` = 123456 LIMIT 1   [ RunTime:0.0007s ]
NOTIC: [8] Undefined variable: data /Users/wutianfu/Sites/localhost/treehole/Application/Home/Controller/MessageController.class.php 第 278 行.

[ 2022-03-23T00:15:20+08:00 ] ::1 /treehole/index.php/Home/Message/delete
INFO: [ app_init ] --START--
INFO: Run Behavior\BuildLiteBehavior [ RunTime:0.000018s ]
INFO: [ app_init ] --END-- [ RunTime:0.000107s ]
INFO: [ app_begin ] --START--
INFO: Run Behavior\ReadHtmlCacheBehavior [ RunTime:0.000044s ]
INFO: [ app_begin ] --END-- [ RunTime:0.000088s ]
SQL: SHOW COLUMNS FROM `message` [ RunTime:0.0008s ]
SQL: SELECT * FROM `message` WHERE `id` = 2 AND `user_id` = 123456 LIMIT 1   [ RunTime:0.0003s ]
NOTIC: [8] Undefined variable: data /Users/wutianfu/Sites/localhost/treehole/Application/Home/Controller/MessageController.class.php 第 278 行.

[ 2022-03-23T00:15:20+08:00 ] ::1 /treehole/index.php/Home/Message/delete
INFO: [ app_init ] --START--
INFO: Run Behavior\BuildLiteBehavior [ RunTime:0.000018s ]
INFO: [ app_init ] --END-- [ RunTime:0.000119s ]
INFO: [ app_begin ] --START--
INFO: Run Behavior\ReadHtmlCacheBehavior [ RunTime:0.000050s ]
INFO: [ app_begin ] --END-- [ RunTime:0.000097s ]
SQL: SHOW COLUMNS FROM `message` [ RunTime:0.0005s ]
SQL: SELECT * FROM `message` WHERE `id` = 2 AND `user_id` = 123456 LIMIT 1   [ RunTime:0.0002s ]
NOTIC: [8] Undefined variable: data /Users/wutianfu/Sites/localhost/treehole/Application/Home/Controller/MessageController.class.php 第 278 行.

[ 2022-03-23T00:15:40+08:00 ] ::1 /treehole/index.php/Home/Message/delete
INFO: [ app_init ] --START--
INFO: Run Behavior\BuildLiteBehavior [ RunTime:0.000018s ]
INFO: [ app_init ] --END-- [ RunTime:0.000120s ]
INFO: [ app_begin ] --START--
INFO: Run Behavior\ReadHtmlCacheBehavior [ RunTime:0.000045s ]
INFO: [ app_begin ] --END-- [ RunTime:0.000084s ]
SQL: SHOW COLUMNS FROM `message` [ RunTime:0.0019s ]
SQL: SELECT * FROM `message` WHERE `id` = 3 AND `user_id` = 123456 LIMIT 1   [ RunTime:0.0008s ]

[ 2022-03-23T00:16:03+08:00 ] ::1 /treehole/index.php/Home/Message/delete
INFO: [ app_init ] --START--
INFO: Run Behavior\BuildLiteBehavior [ RunTime:0.000038s ]
INFO: [ app_init ] --END-- [ RunTime:0.000471s ]
INFO: [ app_begin ] --START--
INFO: Run Behavior\ReadHtmlCacheBehavior [ RunTime:0.000064s ]
INFO: [ app_begin ] --END-- [ RunTime:0.000112s ]
SQL: SHOW COLUMNS FROM `message` [ RunTime:0.0010s ]
SQL: SELECT * FROM `message` WHERE `id` = 3 AND `user_id` = 123456 LIMIT 1   [ RunTime:0.0005s ]

[ 2022-03-23T00:16:06+08:00 ] ::1 /treehole/index.php/Home/Message/delete
INFO: [ app_init ] --START--
INFO: Run Behavior\BuildLiteBehavior [ RunTime:0.000016s ]
INFO: [ app_init ] --END-- [ RunTime:0.000097s ]
INFO: [ app_begin ] --START--
INFO: Run Behavior\ReadHtmlCacheBehavior [ RunTime:0.000039s ]
INFO: [ app_begin ] --END-- [ RunTime:0.000076s ]
SQL: SHOW COLUMNS FROM `message` [ RunTime:0.0006s ]
SQL: SELECT * FROM `message` WHERE `id` = 2 AND `user_id` = 123456 LIMIT 1   [ RunTime:0.0002s ]
NOTIC: [8] Undefined variable: data /Users/wutianfu/Sites/localhost/treehole/Application/Home/Controller/MessageController.class.php 第 278 行.

[ 2022-03-23T00:16:38+08:00 ] ::1 /treehole/index.php/Home/Message/delete
INFO: [ app_init ] --START--
INFO: Run Behavior\BuildLiteBehavior [ RunTime:0.000059s ]
INFO: [ app_init ] --END-- [ RunTime:0.000318s ]
INFO: [ app_begin ] --START--
INFO: Run Behavior\ReadHtmlCacheBehavior [ RunTime:0.000788s ]
INFO: [ app_begin ] --END-- [ RunTime:0.004179s ]
SQL: SHOW COLUMNS FROM `message` [ RunTime:0.0010s ]
SQL: SELECT * FROM `message` WHERE `id` = 2 AND `user_id` = 123456 LIMIT 1   [ RunTime:0.0003s ]
SQL: DELETE FROM `message` WHERE `id` = 2 AND `user_id` = 123456 [ RunTime:0.0053s ]

[ 2022-03-23T00:17:27+08:00 ] ::1 /treehole/index.php/Home/Message/delete
INFO: [ app_init ] --START--
INFO: Run Behavior\BuildLiteBehavior [ RunTime:0.000017s ]
INFO: [ app_init ] --END-- [ RunTime:0.000122s ]
INFO: [ app_begin ] --START--
INFO: Run Behavior\ReadHtmlCacheBehavior [ RunTime:0.000058s ]
INFO: [ app_begin ] --END-- [ RunTime:0.000114s ]
SQL: SHOW COLUMNS FROM `message` [ RunTime:0.0008s ]
SQL: SELECT * FROM `message` WHERE `id` = 2 AND `user_id` = 123456 LIMIT 1   [ RunTime:0.0003s ]

[ 2022-03-23T00:17:31+08:00 ] ::1 /treehole/index.php/Home/Message/delete
INFO: [ app_init ] --START--
INFO: Run Behavior\BuildLiteBehavior [ RunTime:0.000016s ]
INFO: [ app_init ] --END-- [ RunTime:0.000107s ]
INFO: [ app_begin ] --START--
INFO: Run Behavior\ReadHtmlCacheBehavior [ RunTime:0.000039s ]
INFO: [ app_begin ] --END-- [ RunTime:0.000077s ]
SQL: SHOW COLUMNS FROM `message` [ RunTime:0.0007s ]
SQL: SELECT * FROM `message` WHERE `id` = 1 AND `user_id` = 123456 LIMIT 1   [ RunTime:0.0006s ]
SQL: DELETE FROM `message` WHERE `id` = 1 AND `user_id` = 123456 [ RunTime:0.0032s ]

[ 2022-03-23T00:20:58+08:00 ] ::1 /treehole/index.php/Home/Message/delete
INFO: [ app_init ] --START--
INFO: Run Behavior\BuildLiteBehavior [ RunTime:0.000037s ]
INFO: [ app_init ] --END-- [ RunTime:0.000288s ]
INFO: [ app_begin ] --START--
INFO: Run Behavior\ReadHtmlCacheBehavior [ RunTime:0.000138s ]
INFO: [ app_begin ] --END-- [ RunTime:0.000225s ]
SQL: SHOW COLUMNS FROM `message` [ RunTime:0.0008s ]
SQL: SELECT * FROM `message` WHERE `id` = 1 AND `user_id` = 123456 LIMIT 1   [ RunTime:0.0004s ]
SQL: DELETE FROM `message` WHERE `id` = 1 AND `user_id` = 123456 [ RunTime:0.0008s ]

